[2026-06-19T16:14:29.769+08:00] Getting interface description
[2026-06-19T16:14:29.769+08:00] Interface description end
[2026-06-19T16:14:29.769+08:00] Uploading test info to server
[2026-06-19T16:14:29.769+08:00] UploadTestInfoToServer end
[2026-06-19T16:14:29.769+08:00] will get size
[2026-06-19T16:14:30.299+08:00] size: 1353x928
[2026-06-19T16:14:30.460+08:00] will get screenshot dimensions
[2026-06-19T16:14:30.548+08:00] screenshot dimensions 2706 x 1856
[2026-06-19T16:14:30.548+08:00] calculated dpr: 2
[2026-06-19T16:14:30.548+08:00] shrunkShotToLogicalRatio 2
[2026-06-19T16:14:34.186+08:00] Getting interface description
[2026-06-19T16:14:34.186+08:00] Interface description end
[2026-06-19T16:14:34.186+08:00] Uploading test info to server
[2026-06-19T16:14:34.186+08:00] UploadTestInfoToServer end
[2026-06-19T16:14:34.186+08:00] will get size
[2026-06-19T16:14:34.188+08:00] size: 1353x928
[2026-06-19T16:14:34.340+08:00] will get screenshot dimensions
[2026-06-19T16:14:34.419+08:00] screenshot dimensions 2706 x 1856
[2026-06-19T16:14:34.419+08:00] calculated dpr: 2
[2026-06-19T16:14:34.419+08:00] shrunkShotToLogicalRatio 2
